<?xml version="1.0" encoding="utf-8"?>
<TestRun id="7064d28f-147e-4f73-8c5a-776a123d8695" name="shruti.dixit@UK-LCL0MSL3 2024-07-27 20:52:54" runUser="GROUPINFRA\shruti.dixit" xmlns="http://microsoft.com/schemas/VisualStudio/TeamTest/2010">
  <Times creation="2024-07-27T20:52:54.6354958+01:00" queuing="2024-07-27T20:52:54.6354962+01:00" start="2024-07-27T20:52:49.5071274+01:00" finish="2024-07-27T20:54:20.2231549+01:00" />
  <TestSettings name="default" id="6bce33fc-a24e-4994-b05b-3cfc52a1bf99">
    <Deployment runDeploymentRoot="shruti.dixit_UK-LCL0MSL3_2024-07-27_20_52_54" />
  </TestSettings>
  <Results>
    <UnitTestResult executionId="18c71ee1-7e9d-40e3-b659-8a4aca91d71e" testId="8f72b562-d596-5789-81b9-ad3a939d4024" testName="_01VerifyBasketItemCountIsUpdatedWhenItemIsAddedAndRemoved(&quot;Sauce Labs Fleece Jacket&quot;,null)" computerName="UK-LCL0MSL3" duration="00:00:04.2084060" startTime="2024-07-27T20:53:32.7541229+01:00" endTime="2024-07-27T20:53:36.9625282+01:00" testType="13cdc9d9-ddb5-4fa4-a97d-d965ccfc6d4b" outcome="Passed" testListId="8c84fa94-04c1-424b-9868-57a2d4851a1d" relativeResultsDirectory="18c71ee1-7e9d-40e3-b659-8a4aca91d71e">
      <Output>
        <StdOut>Given I am on the SauceDemo login page&#xD;
-&gt; done: LoginStepDefinitions.GivenIAmOnTheSauceDemoLoginPage() (0.8s)&#xD;
And I enter valid 'standard_user' and 'secret_sauce'&#xD;
-&gt; done: LoginStepDefinitions.WhenIEnterValidUsernameAndPassword("standard_user", "secret_sauce") (0.2s)&#xD;
And I click the login button&#xD;
-&gt; done: LoginStepDefinitions.WhenIClickTheLoginButton() (0.1s)&#xD;
And I land on Inventory Page&#xD;
-&gt; done: LoginStepDefinitions.ThenIShouldSeeTheInventoryPage("Inventory") (0.0s)&#xD;
When I add the Sauce Labs Fleece Jacket to the basket&#xD;
-&gt; done: InventoryStepDefinitions.WhenIAddTheToTheBasket("Sauce Labs Fleece...") (0.1s)&#xD;
Then the item count should be increase in the basket&#xD;
-&gt; done: InventoryStepDefinitions.ThenTheShouldNotBeInTheBasket() (0.0s)&#xD;
When I remove the "Sauce Labs Fleece Jacket" from the tile&#xD;
-&gt; done: InventoryStepDefinitions.WhenIRemoveTheFromTheTile("Sauce Labs Fleece...") (0.1s)&#xD;
Then the cart should be empty&#xD;
-&gt; done: InventoryStepDefinitions.ThenTheCartShouldBeEmpty() (0.0s)</StdOut>
      </Output>
    </UnitTestResult>
    <UnitTestResult executionId="9a4fcbcc-c25a-49e5-a2b2-9268b14482db" testId="d5a0e17c-2fc9-aa91-4980-9a855dff6a28" testName="SuccessfulLoginWithValidCredentials(&quot;error_user&quot;,&quot;secret_sauce&quot;,null)" computerName="UK-LCL0MSL3" duration="00:00:03.3437720" startTime="2024-07-27T20:53:06.5139826+01:00" endTime="2024-07-27T20:53:09.8577541+01:00" testType="13cdc9d9-ddb5-4fa4-a97d-d965ccfc6d4b" outcome="Passed" testListId="8c84fa94-04c1-424b-9868-57a2d4851a1d" relativeResultsDirectory="9a4fcbcc-c25a-49e5-a2b2-9268b14482db">
      <Output>
        <StdOut>Given I am on the SauceDemo login page&#xD;
-&gt; done: LoginStepDefinitions.GivenIAmOnTheSauceDemoLoginPage() (0.9s)&#xD;
When I enter valid error_user and secret_sauce&#xD;
-&gt; done: LoginStepDefinitions.WhenIEnterValidUsernameAndPassword("error_user", "secret_sauce") (0.2s)&#xD;
And I click the login button&#xD;
-&gt; done: LoginStepDefinitions.WhenIClickTheLoginButton() (0.1s)&#xD;
Then I should see the inventory page&#xD;
-&gt; done: LoginStepDefinitions.ThenIShouldSeeTheInventoryPage("inventory") (0.0s)</StdOut>
      </Output>
    </UnitTestResult>
    <UnitTestResult executionId="4aa38ea9-2eea-430e-85ad-a3caaa8675d2" testId="53cbf3ef-13e5-396b-a8ee-ca7c4970a148" testName="_03VerifyBackAndForthScenario" computerName="UK-LCL0MSL3" duration="00:00:05.2130140" startTime="2024-07-27T20:53:27.5402021+01:00" endTime="2024-07-27T20:53:32.7532149+01:00" testType="13cdc9d9-ddb5-4fa4-a97d-d965ccfc6d4b" outcome="Passed" testListId="8c84fa94-04c1-424b-9868-57a2d4851a1d" relativeResultsDirectory="4aa38ea9-2eea-430e-85ad-a3caaa8675d2">
      <Output>
        <StdOut>Given I am on the SauceDemo login page&#xD;
-&gt; done: LoginStepDefinitions.GivenIAmOnTheSauceDemoLoginPage() (0.8s)&#xD;
And I enter valid 'standard_user' and 'secret_sauce'&#xD;
-&gt; done: LoginStepDefinitions.WhenIEnterValidUsernameAndPassword("standard_user", "secret_sauce") (0.2s)&#xD;
And I click the login button&#xD;
-&gt; done: LoginStepDefinitions.WhenIClickTheLoginButton() (0.1s)&#xD;
And I land on Inventory Page&#xD;
-&gt; done: LoginStepDefinitions.ThenIShouldSeeTheInventoryPage("Inventory") (0.0s)&#xD;
And I add the following items to the shopping cart&#xD;
  --- table step argument ---&#xD;
  | itemName                |&#xD;
  | Sauce Labs Backpack     |&#xD;
  | Sauce Labs Bike Light   |&#xD;
  | Sauce Labs Bolt T-Shirt |&#xD;
  | Sauce Labs Onesie       |&#xD;
-&gt; done: InventoryStepDefinitions.WhenIAddTheFollowingItemsToTheShoppingCart(&lt;table&gt;) (0.2s)&#xD;
And I click on cart link&#xD;
-&gt; done: CartStepDefinitions.WhenIClickOnCartLink() (0.1s)&#xD;
When I click on Continue Shipping button&#xD;
-&gt; done: CartStepDefinitions.WhenIClickOnContinueShippingButton() (0.1s)&#xD;
Then I land on Inventory Page&#xD;
-&gt; done: LoginStepDefinitions.ThenIShouldSeeTheInventoryPage("Inventory") (0.0s)&#xD;
When I click on cart link&#xD;
-&gt; done: CartStepDefinitions.WhenIClickOnCartLink() (0.1s)&#xD;
Then I land on cart Page&#xD;
-&gt; done: LoginStepDefinitions.ThenIShouldSeeTheInventoryPage("cart") (0.0s)&#xD;
When I click on checkout button&#xD;
-&gt; done: CartStepDefinitions.WhenIClickOnCheckoutButton() (0.1s)&#xD;
Then I land on checkout-step-one Page&#xD;
-&gt; done: LoginStepDefinitions.ThenIShouldSeeTheInventoryPage("checkout-step-one") (0.0s)</StdOut>
      </Output>
    </UnitTestResult>
    <UnitTestResult executionId="5f8ab559-4403-48d2-9398-96eca5cc8b77" testId="19f4b69d-db4d-92e8-f4c6-7a636c6cccad" testName="_01AddItemsToShoppingCart" computerName="UK-LCL0MSL3" duration="00:00:04.5526669" startTime="2024-07-27T20:53:18.5323972+01:00" endTime="2024-07-27T20:53:23.0850646+01:00" testType="13cdc9d9-ddb5-4fa4-a97d-d965ccfc6d4b" outcome="Passed" testListId="8c84fa94-04c1-424b-9868-57a2d4851a1d" relativeResultsDirectory="5f8ab559-4403-48d2-9398-96eca5cc8b77">
      <Output>
        <StdOut>Given I am on the SauceDemo login page&#xD;
-&gt; done: LoginStepDefinitions.GivenIAmOnTheSauceDemoLoginPage() (0.9s)&#xD;
And I enter valid 'standard_user' and 'secret_sauce'&#xD;
-&gt; done: LoginStepDefinitions.WhenIEnterValidUsernameAndPassword("standard_user", "secret_sauce") (0.2s)&#xD;
And I click the login button&#xD;
-&gt; done: LoginStepDefinitions.WhenIClickTheLoginButton() (0.1s)&#xD;
And I land on Inventory Page&#xD;
-&gt; done: LoginStepDefinitions.ThenIShouldSeeTheInventoryPage("Inventory") (0.0s)&#xD;
And I add the following items to the shopping cart&#xD;
  --- table step argument ---&#xD;
  | itemName              |&#xD;
  | Sauce Labs Backpack   |&#xD;
  | Sauce Labs Bike Light |&#xD;
-&gt; done: InventoryStepDefinitions.WhenIAddTheFollowingItemsToTheShoppingCart(&lt;table&gt;) (0.1s)&#xD;
And the shopping cart badge should show "2"&#xD;
-&gt; done: CartStepDefinitions.ThenTheShoppingCartBadgeShouldShow(2) (0.1s)&#xD;
When I click on cart link&#xD;
-&gt; done: CartStepDefinitions.WhenIClickOnCartLink() (0.1s)&#xD;
Then the following items should be in the cart&#xD;
  --- table step argument ---&#xD;
  | itemName              |&#xD;
  | Sauce Labs Backpack   |&#xD;
  | Sauce Labs Bike Light |&#xD;
-&gt; done: CartStepDefinitions.ThenTheFollowingItemShouldBeInTheCart(&lt;table&gt;) (0.1s)</StdOut>
      </Output>
    </UnitTestResult>
    <UnitTestResult executionId="65b8c038-616e-43c3-8232-356c23b3108f" testId="d0aac025-cfaa-0eaf-b315-ef7ba0821330" testName="_03VerifyBackAndForthScenario" computerName="UK-LCL0MSL3" duration="00:00:05.2781570" startTime="2024-07-27T20:53:13.2530631+01:00" endTime="2024-07-27T20:53:18.5312196+01:00" testType="13cdc9d9-ddb5-4fa4-a97d-d965ccfc6d4b" outcome="Passed" testListId="8c84fa94-04c1-424b-9868-57a2d4851a1d" relativeResultsDirectory="65b8c038-616e-43c3-8232-356c23b3108f">
      <Output>
        <StdOut>Given I am on the SauceDemo login page&#xD;
-&gt; done: LoginStepDefinitions.GivenIAmOnTheSauceDemoLoginPage() (0.8s)&#xD;
And I enter valid 'standard_user' and 'secret_sauce'&#xD;
-&gt; done: LoginStepDefinitions.WhenIEnterValidUsernameAndPassword("standard_user", "secret_sauce") (0.2s)&#xD;
And I click the login button&#xD;
-&gt; done: LoginStepDefinitions.WhenIClickTheLoginButton() (0.1s)&#xD;
And I land on Inventory Page&#xD;
-&gt; done: LoginStepDefinitions.ThenIShouldSeeTheInventoryPage("Inventory") (0.0s)&#xD;
And I add the following items to the shopping cart&#xD;
  --- table step argument ---&#xD;
  | itemName                |&#xD;
  | Sauce Labs Backpack     |&#xD;
  | Sauce Labs Bike Light   |&#xD;
  | Sauce Labs Bolt T-Shirt |&#xD;
  | Sauce Labs Onesie       |&#xD;
-&gt; done: InventoryStepDefinitions.WhenIAddTheFollowingItemsToTheShoppingCart(&lt;table&gt;) (0.2s)&#xD;
And I click on cart link&#xD;
-&gt; done: CartStepDefinitions.WhenIClickOnCartLink() (0.1s)&#xD;
And I land on cart Page&#xD;
-&gt; done: LoginStepDefinitions.ThenIShouldSeeTheInventoryPage("cart") (0.0s)&#xD;
And I procced to checkout&#xD;
-&gt; done: CartStepDefinitions.WhenIClickOnCheckoutButton() (0.1s)&#xD;
And I enter my information&#xD;
-&gt; done: CheckoutStepDefinition.WhenIEnterMyInformation() (0.2s)&#xD;
And I review my order&#xD;
  --- table step argument ---&#xD;
  | itemName                |&#xD;
  | Sauce Labs Backpack     |&#xD;
  | Sauce Labs Bike Light   |&#xD;
  | Sauce Labs Bolt T-Shirt |&#xD;
  | Sauce Labs Onesie       |&#xD;
-&gt; done: CheckoutStepDefinition.WhenIReviewMyOrder(&lt;table&gt;) (0.1s)&#xD;
And I verify price and shipping Information&#xD;
-&gt; done: CheckoutStepDefinition.GivenIVerifyPriceAndShippingInformation() (0.1s)&#xD;
When I finish the checkout&#xD;
-&gt; done: CheckoutStepDefinition.WhenIFinishTheCheckout() (0.0s)&#xD;
Then I should see the checkout-complete page&#xD;
-&gt; done: LoginStepDefinitions.ThenIShouldSeeTheInventoryPage("checkout-complete") (0.0s)&#xD;
And I verify order confimation message&#xD;
-&gt; done: CheckoutStepDefinition.ThenIVerifyOrderConfimationMessage() (0.1s)&#xD;
When I click on backhome button&#xD;
-&gt; done: CheckoutStepDefinition.WhenIClickOnBackhomeButton() (0.1s)&#xD;
Then I land on Inventory Page&#xD;
-&gt; done: LoginStepDefinitions.ThenIShouldSeeTheInventoryPage("Inventory") (0.0s)</StdOut>
      </Output>
    </UnitTestResult>
    <UnitTestResult executionId="952b9af8-c874-495e-91fb-de4383cd9af3" testId="c1810ad7-3795-728b-7aaa-96ed68244910" testName="_04ValidateTheFooterNavigationLinks(&quot;LinkedIn&quot;,&quot;https://www.linkedin.com/company/sauce-labs/&quot;,null)" computerName="UK-LCL0MSL3" duration="00:00:05.9586380" startTime="2024-07-27T20:54:14.0169586+01:00" endTime="2024-07-27T20:54:19.9755967+01:00" testType="13cdc9d9-ddb5-4fa4-a97d-d965ccfc6d4b" outcome="Passed" testListId="8c84fa94-04c1-424b-9868-57a2d4851a1d" relativeResultsDirectory="952b9af8-c874-495e-91fb-de4383cd9af3">
      <Output>
        <StdOut>Given I am on the SauceDemo login page&#xD;
-&gt; done: LoginStepDefinitions.GivenIAmOnTheSauceDemoLoginPage() (0.8s)&#xD;
And I enter valid 'standard_user' and 'secret_sauce'&#xD;
-&gt; done: LoginStepDefinitions.WhenIEnterValidUsernameAndPassword("standard_user", "secret_sauce") (0.2s)&#xD;
And I click the login button&#xD;
-&gt; done: LoginStepDefinitions.WhenIClickTheLoginButton() (0.1s)&#xD;
And I land on Inventory Page&#xD;
-&gt; done: LoginStepDefinitions.ThenIShouldSeeTheInventoryPage("Inventory") (0.0s)&#xD;
Then I click on the LinkedIn and navigate to the https://www.linkedin.com/company/sauce-labs/&#xD;
-&gt; done: InventoryStepDefinitions.ThenIClickOnTheTwitterAndNavigateToTheHttpsX_ComSaucelabs("LinkedIn", "https://www.linke...") (1.9s)</StdOut>
      </Output>
    </UnitTestResult>
    <UnitTestResult executionId="05a86bdd-d9a0-4086-8a9d-2c3de7a64dda" testId="1f28f843-4baa-aa2a-c851-a38bae160d03" testName="_02RemoveItemsToShoppingCart(&quot;Sauce Labs Backpack&quot;,null)" computerName="UK-LCL0MSL3" duration="00:00:04.4549550" startTime="2024-07-27T20:53:23.0851634+01:00" endTime="2024-07-27T20:53:27.5401181+01:00" testType="13cdc9d9-ddb5-4fa4-a97d-d965ccfc6d4b" outcome="Passed" testListId="8c84fa94-04c1-424b-9868-57a2d4851a1d" relativeResultsDirectory="05a86bdd-d9a0-4086-8a9d-2c3de7a64dda">
      <Output>
        <StdOut>Given I am on the SauceDemo login page&#xD;
-&gt; done: LoginStepDefinitions.GivenIAmOnTheSauceDemoLoginPage() (0.9s)&#xD;
And I enter valid 'standard_user' and 'secret_sauce'&#xD;
-&gt; done: LoginStepDefinitions.WhenIEnterValidUsernameAndPassword("standard_user", "secret_sauce") (0.2s)&#xD;
And I click the login button&#xD;
-&gt; done: LoginStepDefinitions.WhenIClickTheLoginButton() (0.1s)&#xD;
And I land on Inventory Page&#xD;
-&gt; done: LoginStepDefinitions.ThenIShouldSeeTheInventoryPage("Inventory") (0.0s)&#xD;
And I add the following items to the shopping cart&#xD;
  --- table step argument ---&#xD;
  | itemName              |&#xD;
  | Sauce Labs Backpack   |&#xD;
  | Sauce Labs Bike Light |&#xD;
-&gt; done: InventoryStepDefinitions.WhenIAddTheFollowingItemsToTheShoppingCart(&lt;table&gt;) (0.2s)&#xD;
And I click on cart link&#xD;
-&gt; done: CartStepDefinitions.WhenIClickOnCartLink() (0.1s)&#xD;
When I  remove Sauce Labs Backpack from the cart&#xD;
-&gt; done: CartStepDefinitions.WhenIRemoveStaSauceLabsBackpackFromTheCart("Sauce Labs Backpack ") (0.1s)&#xD;
Then cart is has "1"  item&#xD;
-&gt; done: CartStepDefinitions.ThenCartIsHasItem("1") (0.0s)</StdOut>
      </Output>
    </UnitTestResult>
    <UnitTestResult executionId="b1ff9b11-4b17-4978-851c-731a6ba7870e" testId="3c25287d-e98c-e891-a163-82ca95b785d1" testName="_04ValidateTheFooterNavigationLinks(&quot;Twitter&quot;,&quot;https://x.com/saucelabs&quot;,null)" computerName="UK-LCL0MSL3" duration="00:00:08.3404140" startTime="2024-07-27T20:53:58.1986229+01:00" endTime="2024-07-27T20:54:06.5390370+01:00" testType="13cdc9d9-ddb5-4fa4-a97d-d965ccfc6d4b" outcome="Passed" testListId="8c84fa94-04c1-424b-9868-57a2d4851a1d" relativeResultsDirectory="b1ff9b11-4b17-4978-851c-731a6ba7870e">
      <Output>
        <StdOut>Given I am on the SauceDemo login page&#xD;
-&gt; done: LoginStepDefinitions.GivenIAmOnTheSauceDemoLoginPage() (0.9s)&#xD;
And I enter valid 'standard_user' and 'secret_sauce'&#xD;
-&gt; done: LoginStepDefinitions.WhenIEnterValidUsernameAndPassword("standard_user", "secret_sauce") (0.2s)&#xD;
And I click the login button&#xD;
-&gt; done: LoginStepDefinitions.WhenIClickTheLoginButton() (0.1s)&#xD;
And I land on Inventory Page&#xD;
-&gt; done: LoginStepDefinitions.ThenIShouldSeeTheInventoryPage("Inventory") (0.0s)&#xD;
Then I click on the Twitter and navigate to the https://x.com/saucelabs&#xD;
-&gt; done: InventoryStepDefinitions.ThenIClickOnTheTwitterAndNavigateToTheHttpsX_ComSaucelabs("Twitter", "https://x.com/sau...") (4.2s)</StdOut>
      </Output>
    </UnitTestResult>
    <UnitTestResult executionId="a8592781-fed8-48ab-90bf-c2a997407272" testId="be83465b-7b5c-2281-8668-c9937bd7e583" testName="SuccessfulLoginWithValidCredentials(&quot;visual_user&quot;,&quot;secret_sauce&quot;,null)" computerName="UK-LCL0MSL3" duration="00:00:03.3907160" startTime="2024-07-27T20:53:09.8577841+01:00" endTime="2024-07-27T20:53:13.2484993+01:00" testType="13cdc9d9-ddb5-4fa4-a97d-d965ccfc6d4b" outcome="Passed" testListId="8c84fa94-04c1-424b-9868-57a2d4851a1d" relativeResultsDirectory="a8592781-fed8-48ab-90bf-c2a997407272">
      <Output>
        <StdOut>Given I am on the SauceDemo login page&#xD;
-&gt; done: LoginStepDefinitions.GivenIAmOnTheSauceDemoLoginPage() (0.8s)&#xD;
When I enter valid visual_user and secret_sauce&#xD;
-&gt; done: LoginStepDefinitions.WhenIEnterValidUsernameAndPassword("visual_user", "secret_sauce") (0.2s)&#xD;
And I click the login button&#xD;
-&gt; done: LoginStepDefinitions.WhenIClickTheLoginButton() (0.1s)&#xD;
Then I should see the inventory page&#xD;
-&gt; done: LoginStepDefinitions.ThenIShouldSeeTheInventoryPage("inventory") (0.0s)</StdOut>
      </Output>
    </UnitTestResult>
    <UnitTestResult executionId="058e78c8-624f-4e50-bbaa-3bf48f5f1a56" testId="66ef3b27-a5a0-1196-b905-5903ce89099b" testName="SuccessfulLoginWithValidCredentials(&quot;standard_user&quot;,&quot;secret_sauce&quot;,null)" computerName="UK-LCL0MSL3" duration="00:00:04.1023430" startTime="2024-07-27T20:52:50.4946794+01:00" endTime="2024-07-27T20:52:54.5969776+01:00" testType="13cdc9d9-ddb5-4fa4-a97d-d965ccfc6d4b" outcome="Passed" testListId="8c84fa94-04c1-424b-9868-57a2d4851a1d" relativeResultsDirectory="058e78c8-624f-4e50-bbaa-3bf48f5f1a56">
      <Output>
        <StdOut>Given I am on the SauceDemo login page&#xD;
-&gt; done: LoginStepDefinitions.GivenIAmOnTheSauceDemoLoginPage() (1.2s)&#xD;
When I enter valid standard_user and secret_sauce&#xD;
-&gt; done: LoginStepDefinitions.WhenIEnterValidUsernameAndPassword("standard_user", "secret_sauce") (0.2s)&#xD;
And I click the login button&#xD;
-&gt; done: LoginStepDefinitions.WhenIClickTheLoginButton() (0.1s)&#xD;
Then I should see the inventory page&#xD;
-&gt; done: LoginStepDefinitions.ThenIShouldSeeTheInventoryPage("inventory") (0.0s)</StdOut>
      </Output>
    </UnitTestResult>
    <UnitTestResult executionId="0a8ce9b2-ffe1-44ed-985f-7a62ff31e44c" testId="974f332a-224c-279e-59ec-375eb0d86788" testName="_03FilterItemsBasedOnFilterSelection(&quot;Name (Z to A)&quot;,&quot;decending&quot;,null)" computerName="UK-LCL0MSL3" duration="00:00:03.9886800" startTime="2024-07-27T20:53:45.8556732+01:00" endTime="2024-07-27T20:53:49.8443533+01:00" testType="13cdc9d9-ddb5-4fa4-a97d-d965ccfc6d4b" outcome="Passed" testListId="8c84fa94-04c1-424b-9868-57a2d4851a1d" relativeResultsDirectory="0a8ce9b2-ffe1-44ed-985f-7a62ff31e44c">
      <Output>
        <StdOut>Given I am on the SauceDemo login page&#xD;
-&gt; done: LoginStepDefinitions.GivenIAmOnTheSauceDemoLoginPage() (0.8s)&#xD;
And I enter valid 'standard_user' and 'secret_sauce'&#xD;
-&gt; done: LoginStepDefinitions.WhenIEnterValidUsernameAndPassword("standard_user", "secret_sauce") (0.2s)&#xD;
And I click the login button&#xD;
-&gt; done: LoginStepDefinitions.WhenIClickTheLoginButton() (0.1s)&#xD;
And I land on Inventory Page&#xD;
-&gt; done: LoginStepDefinitions.ThenIShouldSeeTheInventoryPage("Inventory") (0.0s)&#xD;
When I select Name (Z to A) from the filter dropdown&#xD;
-&gt; done: InventoryStepDefinitions.WhenISelectNameAToZFromTheFilterDropdown("Name (Z to A)") (0.1s)&#xD;
Then the items should be sorted by Name (Z to A) in decending order&#xD;
-&gt; done: InventoryStepDefinitions.ThenTheItemsShouldBeSortedByNameInAscendingOrder("Name (Z to A)", "decending") (0.1s)</StdOut>
      </Output>
    </UnitTestResult>
    <UnitTestResult executionId="b9003279-58c8-4e97-bf9a-e700f9da7799" testId="4ff96993-60a0-844c-f9c6-63acd7d7715d" testName="_03FilterItemsBasedOnFilterSelection(&quot;Price (high to low)&quot;,&quot;decending&quot;,null)" computerName="UK-LCL0MSL3" duration="00:00:04.3016850" startTime="2024-07-27T20:53:53.8968473+01:00" endTime="2024-07-27T20:53:58.1985314+01:00" testType="13cdc9d9-ddb5-4fa4-a97d-d965ccfc6d4b" outcome="Passed" testListId="8c84fa94-04c1-424b-9868-57a2d4851a1d" relativeResultsDirectory="b9003279-58c8-4e97-bf9a-e700f9da7799">
      <Output>
        <StdOut>Given I am on the SauceDemo login page&#xD;
-&gt; done: LoginStepDefinitions.GivenIAmOnTheSauceDemoLoginPage() (1.1s)&#xD;
And I enter valid 'standard_user' and 'secret_sauce'&#xD;
-&gt; done: LoginStepDefinitions.WhenIEnterValidUsernameAndPassword("standard_user", "secret_sauce") (0.2s)&#xD;
And I click the login button&#xD;
-&gt; done: LoginStepDefinitions.WhenIClickTheLoginButton() (0.1s)&#xD;
And I land on Inventory Page&#xD;
-&gt; done: LoginStepDefinitions.ThenIShouldSeeTheInventoryPage("Inventory") (0.0s)&#xD;
When I select Price (high to low) from the filter dropdown&#xD;
-&gt; done: InventoryStepDefinitions.WhenISelectNameAToZFromTheFilterDropdown("Price (high to low)") (0.1s)&#xD;
Then the items should be sorted by Price (high to low) in decending order&#xD;
-&gt; done: InventoryStepDefinitions.ThenTheItemsShouldBeSortedByNameInAscendingOrder("Price (high to low)", "decending") (0.1s)</StdOut>
      </Output>
    </UnitTestResult>
    <UnitTestResult executionId="d63daf29-467e-40a1-b6f3-5459e289f085" testId="85c9fd4c-0390-7ce9-eb56-01f13fcd06a5" testName="_02VerifyBasketItemCountIsUpdatedWhenMultipleItemsAreAddedAndRemoved" computerName="UK-LCL0MSL3" duration="00:00:04.6827249" startTime="2024-07-27T20:53:36.9626433+01:00" endTime="2024-07-27T20:53:41.6453677+01:00" testType="13cdc9d9-ddb5-4fa4-a97d-d965ccfc6d4b" outcome="Passed" testListId="8c84fa94-04c1-424b-9868-57a2d4851a1d" relativeResultsDirectory="d63daf29-467e-40a1-b6f3-5459e289f085">
      <Output>
        <StdOut>Given I am on the SauceDemo login page&#xD;
-&gt; done: LoginStepDefinitions.GivenIAmOnTheSauceDemoLoginPage() (0.9s)&#xD;
And I enter valid 'standard_user' and 'secret_sauce'&#xD;
-&gt; done: LoginStepDefinitions.WhenIEnterValidUsernameAndPassword("standard_user", "secret_sauce") (0.2s)&#xD;
And I click the login button&#xD;
-&gt; done: LoginStepDefinitions.WhenIClickTheLoginButton() (0.1s)&#xD;
And I land on Inventory Page&#xD;
-&gt; done: LoginStepDefinitions.ThenIShouldSeeTheInventoryPage("Inventory") (0.0s)&#xD;
When I add the following items to the shopping cart&#xD;
  --- table step argument ---&#xD;
  | itemName              |&#xD;
  | Sauce Labs Backpack   |&#xD;
  | Sauce Labs Bike Light |&#xD;
-&gt; done: InventoryStepDefinitions.WhenIAddTheFollowingItemsToTheShoppingCart(&lt;table&gt;) (0.1s)&#xD;
Then the shopping cart badge should show "2"&#xD;
-&gt; done: CartStepDefinitions.ThenTheShoppingCartBadgeShouldShow(2) (0.0s)&#xD;
When I remove the following items from the tile&#xD;
  --- table step argument ---&#xD;
  | itemName              |&#xD;
  | Sauce Labs Backpack   |&#xD;
  | Sauce Labs Bike Light |&#xD;
-&gt; done: InventoryStepDefinitions.WhenIRemoveTheFollowingItemsFromTheTile(&lt;table&gt;) (0.1s)&#xD;
Then the cart should be empty&#xD;
-&gt; done: InventoryStepDefinitions.ThenTheCartShouldBeEmpty() (0.0s)</StdOut>
      </Output>
    </UnitTestResult>
    <UnitTestResult executionId="07a8e4a3-e6ec-4a25-8860-b636c59d8d4a" testId="6b30e6d7-4322-5945-8595-887e2ad42e55" testName="_03FilterItemsBasedOnFilterSelection(&quot;Price (low to high)&quot;,&quot;ascending&quot;,null)" computerName="UK-LCL0MSL3" duration="00:00:04.0524200" startTime="2024-07-27T20:53:49.8443947+01:00" endTime="2024-07-27T20:53:53.8968142+01:00" testType="13cdc9d9-ddb5-4fa4-a97d-d965ccfc6d4b" outcome="Passed" testListId="8c84fa94-04c1-424b-9868-57a2d4851a1d" relativeResultsDirectory="07a8e4a3-e6ec-4a25-8860-b636c59d8d4a">
      <Output>
        <StdOut>Given I am on the SauceDemo login page&#xD;
-&gt; done: LoginStepDefinitions.GivenIAmOnTheSauceDemoLoginPage() (0.9s)&#xD;
And I enter valid 'standard_user' and 'secret_sauce'&#xD;
-&gt; done: LoginStepDefinitions.WhenIEnterValidUsernameAndPassword("standard_user", "secret_sauce") (0.2s)&#xD;
And I click the login button&#xD;
-&gt; done: LoginStepDefinitions.WhenIClickTheLoginButton() (0.1s)&#xD;
And I land on Inventory Page&#xD;
-&gt; done: LoginStepDefinitions.ThenIShouldSeeTheInventoryPage("Inventory") (0.0s)&#xD;
When I select Price (low to high) from the filter dropdown&#xD;
-&gt; done: InventoryStepDefinitions.WhenISelectNameAToZFromTheFilterDropdown("Price (low to high)") (0.1s)&#xD;
Then the items should be sorted by Price (low to high) in ascending order&#xD;
-&gt; done: InventoryStepDefinitions.ThenTheItemsShouldBeSortedByNameInAscendingOrder("Price (low to high)", "ascending") (0.1s)</StdOut>
      </Output>
    </UnitTestResult>
    <UnitTestResult executionId="54e0cbc2-7f78-419c-9bfb-662a6adff3cf" testId="72bf7303-6c3b-6a6b-35d5-00ab021a321c" testName="SuccessfulLoginWithValidCredentials(&quot;performance_glitch_user&quot;,&quot;secret_sauce&quot;,null)" computerName="UK-LCL0MSL3" duration="00:00:08.5813410" startTime="2024-07-27T20:52:57.9326104+01:00" endTime="2024-07-27T20:53:06.5139511+01:00" testType="13cdc9d9-ddb5-4fa4-a97d-d965ccfc6d4b" outcome="Passed" testListId="8c84fa94-04c1-424b-9868-57a2d4851a1d" relativeResultsDirectory="54e0cbc2-7f78-419c-9bfb-662a6adff3cf">
      <Output>
        <StdOut>Given I am on the SauceDemo login page&#xD;
-&gt; done: LoginStepDefinitions.GivenIAmOnTheSauceDemoLoginPage() (0.8s)&#xD;
When I enter valid performance_glitch_user and secret_sauce&#xD;
-&gt; done: LoginStepDefinitions.WhenIEnterValidUsernameAndPassword("performance_glitc...", "secret_sauce") (0.2s)&#xD;
And I click the login button&#xD;
-&gt; done: LoginStepDefinitions.WhenIClickTheLoginButton() (5.1s)&#xD;
Then I should see the inventory page&#xD;
-&gt; done: LoginStepDefinitions.ThenIShouldSeeTheInventoryPage("inventory") (0.0s)</StdOut>
      </Output>
    </UnitTestResult>
    <UnitTestResult executionId="c0acbf6e-6ae9-4a2c-b596-4a913012e14e" testId="71ec9f05-ddad-91b7-9845-b37fbf666be0" testName="_03FilterItemsBasedOnFilterSelection(&quot;Name (A to Z)&quot;,&quot;ascending&quot;,null)" computerName="UK-LCL0MSL3" duration="00:00:04.2101790" startTime="2024-07-27T20:53:41.6454531+01:00" endTime="2024-07-27T20:53:45.8556310+01:00" testType="13cdc9d9-ddb5-4fa4-a97d-d965ccfc6d4b" outcome="Passed" testListId="8c84fa94-04c1-424b-9868-57a2d4851a1d" relativeResultsDirectory="c0acbf6e-6ae9-4a2c-b596-4a913012e14e">
      <Output>
        <StdOut>Given I am on the SauceDemo login page&#xD;
-&gt; done: LoginStepDefinitions.GivenIAmOnTheSauceDemoLoginPage() (1.0s)&#xD;
And I enter valid 'standard_user' and 'secret_sauce'&#xD;
-&gt; done: LoginStepDefinitions.WhenIEnterValidUsernameAndPassword("standard_user", "secret_sauce") (0.2s)&#xD;
And I click the login button&#xD;
-&gt; done: LoginStepDefinitions.WhenIClickTheLoginButton() (0.1s)&#xD;
And I land on Inventory Page&#xD;
-&gt; done: LoginStepDefinitions.ThenIShouldSeeTheInventoryPage("Inventory") (0.0s)&#xD;
When I select Name (A to Z) from the filter dropdown&#xD;
-&gt; done: InventoryStepDefinitions.WhenISelectNameAToZFromTheFilterDropdown("Name (A to Z)") (0.1s)&#xD;
Then the items should be sorted by Name (A to Z) in ascending order&#xD;
-&gt; done: InventoryStepDefinitions.ThenTheItemsShouldBeSortedByNameInAscendingOrder("Name (A to Z)", "ascending") (0.1s)</StdOut>
      </Output>
    </UnitTestResult>
    <UnitTestResult executionId="beab00d7-3ac5-476c-b693-6ea737413947" testId="1ed133a7-bdc4-6d54-e343-c8efeadae289" testName="_04ValidateTheFooterNavigationLinks(&quot;Facebook&quot;,&quot;https://www.facebook.com/saucelabs&quot;,null)" computerName="UK-LCL0MSL3" duration="00:00:07.4776610" startTime="2024-07-27T20:54:06.5390722+01:00" endTime="2024-07-27T20:54:14.0167330+01:00" testType="13cdc9d9-ddb5-4fa4-a97d-d965ccfc6d4b" outcome="Passed" testListId="8c84fa94-04c1-424b-9868-57a2d4851a1d" relativeResultsDirectory="beab00d7-3ac5-476c-b693-6ea737413947">
      <Output>
        <StdOut>Given I am on the SauceDemo login page&#xD;
-&gt; done: LoginStepDefinitions.GivenIAmOnTheSauceDemoLoginPage() (1.0s)&#xD;
And I enter valid 'standard_user' and 'secret_sauce'&#xD;
-&gt; done: LoginStepDefinitions.WhenIEnterValidUsernameAndPassword("standard_user", "secret_sauce") (0.2s)&#xD;
And I click the login button&#xD;
-&gt; done: LoginStepDefinitions.WhenIClickTheLoginButton() (0.1s)&#xD;
And I land on Inventory Page&#xD;
-&gt; done: LoginStepDefinitions.ThenIShouldSeeTheInventoryPage("Inventory") (0.0s)&#xD;
Then I click on the Facebook and navigate to the https://www.facebook.com/saucelabs&#xD;
-&gt; done: InventoryStepDefinitions.ThenIClickOnTheTwitterAndNavigateToTheHttpsX_ComSaucelabs("Facebook", "https://www.faceb...") (3.5s)</StdOut>
      </Output>
    </UnitTestResult>
    <UnitTestResult executionId="8a6f0aa7-4771-4bbe-a616-70065f4c7a18" testId="23c6a875-c204-d49d-3ef8-858df96cfed6" testName="SuccessfulLoginWithValidCredentials(&quot;problem_user&quot;,&quot;secret_sauce&quot;,null)" computerName="UK-LCL0MSL3" duration="00:00:03.3341310" startTime="2024-07-27T20:52:54.5983899+01:00" endTime="2024-07-27T20:52:57.9325212+01:00" testType="13cdc9d9-ddb5-4fa4-a97d-d965ccfc6d4b" outcome="Passed" testListId="8c84fa94-04c1-424b-9868-57a2d4851a1d" relativeResultsDirectory="8a6f0aa7-4771-4bbe-a616-70065f4c7a18">
      <Output>
        <StdOut>Given I am on the SauceDemo login page&#xD;
-&gt; done: LoginStepDefinitions.GivenIAmOnTheSauceDemoLoginPage() (0.9s)&#xD;
When I enter valid problem_user and secret_sauce&#xD;
-&gt; done: LoginStepDefinitions.WhenIEnterValidUsernameAndPassword("problem_user", "secret_sauce") (0.1s)&#xD;
And I click the login button&#xD;
-&gt; done: LoginStepDefinitions.WhenIClickTheLoginButton() (0.1s)&#xD;
Then I should see the inventory page&#xD;
-&gt; done: LoginStepDefinitions.ThenIShouldSeeTheInventoryPage("inventory") (0.0s)</StdOut>
      </Output>
    </UnitTestResult>
  </Results>
  <TestDefinitions>
    <UnitTest name="_03FilterItemsBasedOnFilterSelection(&quot;Name (Z to A)&quot;,&quot;decending&quot;,null)" storage="c:\acceptancetests\swaglabacceptancetest\bin\debug\net6.0\swaglabacceptancetest.dll" id="974f332a-224c-279e-59ec-375eb0d86788">
      <Execution id="0a8ce9b2-ffe1-44ed-985f-7a62ff31e44c" />
      <TestMethod codeBase="C:\AcceptanceTests\SwagLabAcceptanceTest\bin\Debug\net6.0\SwagLabAcceptanceTest.dll" adapterTypeName="executor://nunit3testexecutor/" className="SwagLabAcceptanceTest.Features.VerifyingInventorypageFunctionalityFeature" name="_03FilterItemsBasedOnFilterSelection(&quot;Name (Z to A)&quot;,&quot;decending&quot;,null)" />
    </UnitTest>
    <UnitTest name="_03FilterItemsBasedOnFilterSelection(&quot;Price (high to low)&quot;,&quot;decending&quot;,null)" storage="c:\acceptancetests\swaglabacceptancetest\bin\debug\net6.0\swaglabacceptancetest.dll" id="4ff96993-60a0-844c-f9c6-63acd7d7715d">
      <Execution id="b9003279-58c8-4e97-bf9a-e700f9da7799" />
      <TestMethod codeBase="C:\AcceptanceTests\SwagLabAcceptanceTest\bin\Debug\net6.0\SwagLabAcceptanceTest.dll" adapterTypeName="executor://nunit3testexecutor/" className="SwagLabAcceptanceTest.Features.VerifyingInventorypageFunctionalityFeature" name="_03FilterItemsBasedOnFilterSelection(&quot;Price (high to low)&quot;,&quot;decending&quot;,null)" />
    </UnitTest>
    <UnitTest name="SuccessfulLoginWithValidCredentials(&quot;performance_glitch_user&quot;,&quot;secret_sauce&quot;,null)" storage="c:\acceptancetests\swaglabacceptancetest\bin\debug\net6.0\swaglabacceptancetest.dll" id="72bf7303-6c3b-6a6b-35d5-00ab021a321c">
      <Execution id="54e0cbc2-7f78-419c-9bfb-662a6adff3cf" />
      <TestMethod codeBase="C:\AcceptanceTests\SwagLabAcceptanceTest\bin\Debug\net6.0\SwagLabAcceptanceTest.dll" adapterTypeName="executor://nunit3testexecutor/" className="SwagLabAcceptanceTest.Features.LoginIWantToLoginSoThatICanAccessTheInventoryPageFeature" name="SuccessfulLoginWithValidCredentials(&quot;performance_glitch_user&quot;,&quot;secret_sauce&quot;,null)" />
    </UnitTest>
    <UnitTest name="_02RemoveItemsToShoppingCart(&quot;Sauce Labs Backpack&quot;,null)" storage="c:\acceptancetests\swaglabacceptancetest\bin\debug\net6.0\swaglabacceptancetest.dll" id="1f28f843-4baa-aa2a-c851-a38bae160d03">
      <Execution id="05a86bdd-d9a0-4086-8a9d-2c3de7a64dda" />
      <TestMethod codeBase="C:\AcceptanceTests\SwagLabAcceptanceTest\bin\Debug\net6.0\SwagLabAcceptanceTest.dll" adapterTypeName="executor://nunit3testexecutor/" className="SwagLabAcceptanceTest.Features.VerifyingCartPageFunctionalityFeature" name="_02RemoveItemsToShoppingCart(&quot;Sauce Labs Backpack&quot;,null)" />
    </UnitTest>
    <UnitTest name="_03VerifyBackAndForthScenario" storage="c:\acceptancetests\swaglabacceptancetest\bin\debug\net6.0\swaglabacceptancetest.dll" id="d0aac025-cfaa-0eaf-b315-ef7ba0821330">
      <Execution id="65b8c038-616e-43c3-8232-356c23b3108f" />
      <TestMethod codeBase="C:\AcceptanceTests\SwagLabAcceptanceTest\bin\Debug\net6.0\SwagLabAcceptanceTest.dll" adapterTypeName="executor://nunit3testexecutor/" className="SwagLabAcceptanceTest.Features.VerifyCheckoutPageFunctionalityFeature" name="_03VerifyBackAndForthScenario" />
    </UnitTest>
    <UnitTest name="_04ValidateTheFooterNavigationLinks(&quot;Facebook&quot;,&quot;https://www.facebook.com/saucelabs&quot;,null)" storage="c:\acceptancetests\swaglabacceptancetest\bin\debug\net6.0\swaglabacceptancetest.dll" id="1ed133a7-bdc4-6d54-e343-c8efeadae289">
      <Execution id="beab00d7-3ac5-476c-b693-6ea737413947" />
      <TestMethod codeBase="C:\AcceptanceTests\SwagLabAcceptanceTest\bin\Debug\net6.0\SwagLabAcceptanceTest.dll" adapterTypeName="executor://nunit3testexecutor/" className="SwagLabAcceptanceTest.Features.VerifyingInventorypageFunctionalityFeature" name="_04ValidateTheFooterNavigationLinks(&quot;Facebook&quot;,&quot;https://www.facebook.com/saucelabs&quot;,null)" />
    </UnitTest>
    <UnitTest name="_04ValidateTheFooterNavigationLinks(&quot;Twitter&quot;,&quot;https://x.com/saucelabs&quot;,null)" storage="c:\acceptancetests\swaglabacceptancetest\bin\debug\net6.0\swaglabacceptancetest.dll" id="3c25287d-e98c-e891-a163-82ca95b785d1">
      <Execution id="b1ff9b11-4b17-4978-851c-731a6ba7870e" />
      <TestMethod codeBase="C:\AcceptanceTests\SwagLabAcceptanceTest\bin\Debug\net6.0\SwagLabAcceptanceTest.dll" adapterTypeName="executor://nunit3testexecutor/" className="SwagLabAcceptanceTest.Features.VerifyingInventorypageFunctionalityFeature" name="_04ValidateTheFooterNavigationLinks(&quot;Twitter&quot;,&quot;https://x.com/saucelabs&quot;,null)" />
    </UnitTest>
    <UnitTest name="_03VerifyBackAndForthScenario" storage="c:\acceptancetests\swaglabacceptancetest\bin\debug\net6.0\swaglabacceptancetest.dll" id="53cbf3ef-13e5-396b-a8ee-ca7c4970a148">
      <Execution id="4aa38ea9-2eea-430e-85ad-a3caaa8675d2" />
      <TestMethod codeBase="C:\AcceptanceTests\SwagLabAcceptanceTest\bin\Debug\net6.0\SwagLabAcceptanceTest.dll" adapterTypeName="executor://nunit3testexecutor/" className="SwagLabAcceptanceTest.Features.VerifyingCartPageFunctionalityFeature" name="_03VerifyBackAndForthScenario" />
    </UnitTest>
    <UnitTest name="_02VerifyBasketItemCountIsUpdatedWhenMultipleItemsAreAddedAndRemoved" storage="c:\acceptancetests\swaglabacceptancetest\bin\debug\net6.0\swaglabacceptancetest.dll" id="85c9fd4c-0390-7ce9-eb56-01f13fcd06a5">
      <Execution id="d63daf29-467e-40a1-b6f3-5459e289f085" />
      <TestMethod codeBase="C:\AcceptanceTests\SwagLabAcceptanceTest\bin\Debug\net6.0\SwagLabAcceptanceTest.dll" adapterTypeName="executor://nunit3testexecutor/" className="SwagLabAcceptanceTest.Features.VerifyingInventorypageFunctionalityFeature" name="_02VerifyBasketItemCountIsUpdatedWhenMultipleItemsAreAddedAndRemoved" />
    </UnitTest>
    <UnitTest name="_03FilterItemsBasedOnFilterSelection(&quot;Name (A to Z)&quot;,&quot;ascending&quot;,null)" storage="c:\acceptancetests\swaglabacceptancetest\bin\debug\net6.0\swaglabacceptancetest.dll" id="71ec9f05-ddad-91b7-9845-b37fbf666be0">
      <Execution id="c0acbf6e-6ae9-4a2c-b596-4a913012e14e" />
      <TestMethod codeBase="C:\AcceptanceTests\SwagLabAcceptanceTest\bin\Debug\net6.0\SwagLabAcceptanceTest.dll" adapterTypeName="executor://nunit3testexecutor/" className="SwagLabAcceptanceTest.Features.VerifyingInventorypageFunctionalityFeature" name="_03FilterItemsBasedOnFilterSelection(&quot;Name (A to Z)&quot;,&quot;ascending&quot;,null)" />
    </UnitTest>
    <UnitTest name="_01AddItemsToShoppingCart" storage="c:\acceptancetests\swaglabacceptancetest\bin\debug\net6.0\swaglabacceptancetest.dll" id="19f4b69d-db4d-92e8-f4c6-7a636c6cccad">
      <Execution id="5f8ab559-4403-48d2-9398-96eca5cc8b77" />
      <TestMethod codeBase="C:\AcceptanceTests\SwagLabAcceptanceTest\bin\Debug\net6.0\SwagLabAcceptanceTest.dll" adapterTypeName="executor://nunit3testexecutor/" className="SwagLabAcceptanceTest.Features.VerifyingCartPageFunctionalityFeature" name="_01AddItemsToShoppingCart" />
    </UnitTest>
    <UnitTest name="SuccessfulLoginWithValidCredentials(&quot;visual_user&quot;,&quot;secret_sauce&quot;,null)" storage="c:\acceptancetests\swaglabacceptancetest\bin\debug\net6.0\swaglabacceptancetest.dll" id="be83465b-7b5c-2281-8668-c9937bd7e583">
      <Execution id="a8592781-fed8-48ab-90bf-c2a997407272" />
      <TestMethod codeBase="C:\AcceptanceTests\SwagLabAcceptanceTest\bin\Debug\net6.0\SwagLabAcceptanceTest.dll" adapterTypeName="executor://nunit3testexecutor/" className="SwagLabAcceptanceTest.Features.LoginIWantToLoginSoThatICanAccessTheInventoryPageFeature" name="SuccessfulLoginWithValidCredentials(&quot;visual_user&quot;,&quot;secret_sauce&quot;,null)" />
    </UnitTest>
    <UnitTest name="SuccessfulLoginWithValidCredentials(&quot;error_user&quot;,&quot;secret_sauce&quot;,null)" storage="c:\acceptancetests\swaglabacceptancetest\bin\debug\net6.0\swaglabacceptancetest.dll" id="d5a0e17c-2fc9-aa91-4980-9a855dff6a28">
      <Execution id="9a4fcbcc-c25a-49e5-a2b2-9268b14482db" />
      <TestMethod codeBase="C:\AcceptanceTests\SwagLabAcceptanceTest\bin\Debug\net6.0\SwagLabAcceptanceTest.dll" adapterTypeName="executor://nunit3testexecutor/" className="SwagLabAcceptanceTest.Features.LoginIWantToLoginSoThatICanAccessTheInventoryPageFeature" name="SuccessfulLoginWithValidCredentials(&quot;error_user&quot;,&quot;secret_sauce&quot;,null)" />
    </UnitTest>
    <UnitTest name="_03FilterItemsBasedOnFilterSelection(&quot;Price (low to high)&quot;,&quot;ascending&quot;,null)" storage="c:\acceptancetests\swaglabacceptancetest\bin\debug\net6.0\swaglabacceptancetest.dll" id="6b30e6d7-4322-5945-8595-887e2ad42e55">
      <Execution id="07a8e4a3-e6ec-4a25-8860-b636c59d8d4a" />
      <TestMethod codeBase="C:\AcceptanceTests\SwagLabAcceptanceTest\bin\Debug\net6.0\SwagLabAcceptanceTest.dll" adapterTypeName="executor://nunit3testexecutor/" className="SwagLabAcceptanceTest.Features.VerifyingInventorypageFunctionalityFeature" name="_03FilterItemsBasedOnFilterSelection(&quot;Price (low to high)&quot;,&quot;ascending&quot;,null)" />
    </UnitTest>
    <UnitTest name="_04ValidateTheFooterNavigationLinks(&quot;LinkedIn&quot;,&quot;https://www.linkedin.com/company/sauce-labs/&quot;,null)" storage="c:\acceptancetests\swaglabacceptancetest\bin\debug\net6.0\swaglabacceptancetest.dll" id="c1810ad7-3795-728b-7aaa-96ed68244910">
      <Execution id="952b9af8-c874-495e-91fb-de4383cd9af3" />
      <TestMethod codeBase="C:\AcceptanceTests\SwagLabAcceptanceTest\bin\Debug\net6.0\SwagLabAcceptanceTest.dll" adapterTypeName="executor://nunit3testexecutor/" className="SwagLabAcceptanceTest.Features.VerifyingInventorypageFunctionalityFeature" name="_04ValidateTheFooterNavigationLinks(&quot;LinkedIn&quot;,&quot;https://www.linkedin.com/company/sauce-labs/&quot;,null)" />
    </UnitTest>
    <UnitTest name="SuccessfulLoginWithValidCredentials(&quot;problem_user&quot;,&quot;secret_sauce&quot;,null)" storage="c:\acceptancetests\swaglabacceptancetest\bin\debug\net6.0\swaglabacceptancetest.dll" id="23c6a875-c204-d49d-3ef8-858df96cfed6">
      <Execution id="8a6f0aa7-4771-4bbe-a616-70065f4c7a18" />
      <TestMethod codeBase="C:\AcceptanceTests\SwagLabAcceptanceTest\bin\Debug\net6.0\SwagLabAcceptanceTest.dll" adapterTypeName="executor://nunit3testexecutor/" className="SwagLabAcceptanceTest.Features.LoginIWantToLoginSoThatICanAccessTheInventoryPageFeature" name="SuccessfulLoginWithValidCredentials(&quot;problem_user&quot;,&quot;secret_sauce&quot;,null)" />
    </UnitTest>
    <UnitTest name="SuccessfulLoginWithValidCredentials(&quot;standard_user&quot;,&quot;secret_sauce&quot;,null)" storage="c:\acceptancetests\swaglabacceptancetest\bin\debug\net6.0\swaglabacceptancetest.dll" id="66ef3b27-a5a0-1196-b905-5903ce89099b">
      <Execution id="058e78c8-624f-4e50-bbaa-3bf48f5f1a56" />
      <TestMethod codeBase="C:\AcceptanceTests\SwagLabAcceptanceTest\bin\Debug\net6.0\SwagLabAcceptanceTest.dll" adapterTypeName="executor://nunit3testexecutor/" className="SwagLabAcceptanceTest.Features.LoginIWantToLoginSoThatICanAccessTheInventoryPageFeature" name="SuccessfulLoginWithValidCredentials(&quot;standard_user&quot;,&quot;secret_sauce&quot;,null)" />
    </UnitTest>
    <UnitTest name="_01VerifyBasketItemCountIsUpdatedWhenItemIsAddedAndRemoved(&quot;Sauce Labs Fleece Jacket&quot;,null)" storage="c:\acceptancetests\swaglabacceptancetest\bin\debug\net6.0\swaglabacceptancetest.dll" id="8f72b562-d596-5789-81b9-ad3a939d4024">
      <Execution id="18c71ee1-7e9d-40e3-b659-8a4aca91d71e" />
      <TestMethod codeBase="C:\AcceptanceTests\SwagLabAcceptanceTest\bin\Debug\net6.0\SwagLabAcceptanceTest.dll" adapterTypeName="executor://nunit3testexecutor/" className="SwagLabAcceptanceTest.Features.VerifyingInventorypageFunctionalityFeature" name="_01VerifyBasketItemCountIsUpdatedWhenItemIsAddedAndRemoved(&quot;Sauce Labs Fleece Jacket&quot;,null)" />
    </UnitTest>
  </TestDefinitions>
  <TestEntries>
    <TestEntry testId="8f72b562-d596-5789-81b9-ad3a939d4024" executionId="18c71ee1-7e9d-40e3-b659-8a4aca91d71e" testListId="8c84fa94-04c1-424b-9868-57a2d4851a1d" />
    <TestEntry testId="d5a0e17c-2fc9-aa91-4980-9a855dff6a28" executionId="9a4fcbcc-c25a-49e5-a2b2-9268b14482db" testListId="8c84fa94-04c1-424b-9868-57a2d4851a1d" />
    <TestEntry testId="53cbf3ef-13e5-396b-a8ee-ca7c4970a148" executionId="4aa38ea9-2eea-430e-85ad-a3caaa8675d2" testListId="8c84fa94-04c1-424b-9868-57a2d4851a1d" />
    <TestEntry testId="19f4b69d-db4d-92e8-f4c6-7a636c6cccad" executionId="5f8ab559-4403-48d2-9398-96eca5cc8b77" testListId="8c84fa94-04c1-424b-9868-57a2d4851a1d" />
    <TestEntry testId="d0aac025-cfaa-0eaf-b315-ef7ba0821330" executionId="65b8c038-616e-43c3-8232-356c23b3108f" testListId="8c84fa94-04c1-424b-9868-57a2d4851a1d" />
    <TestEntry testId="c1810ad7-3795-728b-7aaa-96ed68244910" executionId="952b9af8-c874-495e-91fb-de4383cd9af3" testListId="8c84fa94-04c1-424b-9868-57a2d4851a1d" />
    <TestEntry testId="1f28f843-4baa-aa2a-c851-a38bae160d03" executionId="05a86bdd-d9a0-4086-8a9d-2c3de7a64dda" testListId="8c84fa94-04c1-424b-9868-57a2d4851a1d" />
    <TestEntry testId="3c25287d-e98c-e891-a163-82ca95b785d1" executionId="b1ff9b11-4b17-4978-851c-731a6ba7870e" testListId="8c84fa94-04c1-424b-9868-57a2d4851a1d" />
    <TestEntry testId="be83465b-7b5c-2281-8668-c9937bd7e583" executionId="a8592781-fed8-48ab-90bf-c2a997407272" testListId="8c84fa94-04c1-424b-9868-57a2d4851a1d" />
    <TestEntry testId="66ef3b27-a5a0-1196-b905-5903ce89099b" executionId="058e78c8-624f-4e50-bbaa-3bf48f5f1a56" testListId="8c84fa94-04c1-424b-9868-57a2d4851a1d" />
    <TestEntry testId="974f332a-224c-279e-59ec-375eb0d86788" executionId="0a8ce9b2-ffe1-44ed-985f-7a62ff31e44c" testListId="8c84fa94-04c1-424b-9868-57a2d4851a1d" />
    <TestEntry testId="4ff96993-60a0-844c-f9c6-63acd7d7715d" executionId="b9003279-58c8-4e97-bf9a-e700f9da7799" testListId="8c84fa94-04c1-424b-9868-57a2d4851a1d" />
    <TestEntry testId="85c9fd4c-0390-7ce9-eb56-01f13fcd06a5" executionId="d63daf29-467e-40a1-b6f3-5459e289f085" testListId="8c84fa94-04c1-424b-9868-57a2d4851a1d" />
    <TestEntry testId="6b30e6d7-4322-5945-8595-887e2ad42e55" executionId="07a8e4a3-e6ec-4a25-8860-b636c59d8d4a" testListId="8c84fa94-04c1-424b-9868-57a2d4851a1d" />
    <TestEntry testId="72bf7303-6c3b-6a6b-35d5-00ab021a321c" executionId="54e0cbc2-7f78-419c-9bfb-662a6adff3cf" testListId="8c84fa94-04c1-424b-9868-57a2d4851a1d" />
    <TestEntry testId="71ec9f05-ddad-91b7-9845-b37fbf666be0" executionId="c0acbf6e-6ae9-4a2c-b596-4a913012e14e" testListId="8c84fa94-04c1-424b-9868-57a2d4851a1d" />
    <TestEntry testId="1ed133a7-bdc4-6d54-e343-c8efeadae289" executionId="beab00d7-3ac5-476c-b693-6ea737413947" testListId="8c84fa94-04c1-424b-9868-57a2d4851a1d" />
    <TestEntry testId="23c6a875-c204-d49d-3ef8-858df96cfed6" executionId="8a6f0aa7-4771-4bbe-a616-70065f4c7a18" testListId="8c84fa94-04c1-424b-9868-57a2d4851a1d" />
  </TestEntries>
  <TestLists>
    <TestList name="Results Not in a List" id="8c84fa94-04c1-424b-9868-57a2d4851a1d" />
    <TestList name="All Loaded Results" id="19431567-8539-422a-85d7-44ee4e166bda" />
  </TestLists>
  <ResultSummary outcome="Completed">
    <Counters total="18" executed="18" passed="18" failed="0" error="0" timeout="0" aborted="0" inconclusive="0" passedButRunAborted="0" notRunnable="0" notExecuted="0" disconnected="0" warning="0" completed="0" inProgress="0" pending="0" />
    <Output>
      <StdOut>NUnit Adapter 4.5.0.0: Test execution started&#xD;
Running all tests in C:\AcceptanceTests\SwagLabAcceptanceTest\bin\Debug\net6.0\SwagLabAcceptanceTest.dll&#xD;
   NUnit3TestExecutor discovered 18 of 18 NUnit test cases using Current Discovery mode, Non-Explicit run&#xD;
NUnit Adapter 4.5.0.0: Test execution complete&#xD;
</StdOut>
    </Output>
    <RunInfos>
      <RunInfo computerName="UK-LCL0MSL3" outcome="Warning" timestamp="2024-07-27T20:52:54.6095314+01:00">
        <Text>Given I am on the SauceDemo login page&#xD;
-&gt; done: LoginStepDefinitions.GivenIAmOnTheSauceDemoLoginPage() (1.2s)&#xD;
When I enter valid standard_user and secret_sauce&#xD;
-&gt; done: LoginStepDefinitions.WhenIEnterValidUsernameAndPassword("standard_user", "secret_sauce") (0.2s)&#xD;
And I click the login button&#xD;
-&gt; done: LoginStepDefinitions.WhenIClickTheLoginButton() (0.1s)&#xD;
Then I should see the inventory page&#xD;
-&gt; done: LoginStepDefinitions.ThenIShouldSeeTheInventoryPage("inventory") (0.0s)&#xD;
</Text>
      </RunInfo>
      <RunInfo computerName="UK-LCL0MSL3" outcome="Warning" timestamp="2024-07-27T20:52:57.9343222+01:00">
        <Text>Given I am on the SauceDemo login page&#xD;
-&gt; done: LoginStepDefinitions.GivenIAmOnTheSauceDemoLoginPage() (0.9s)&#xD;
When I enter valid problem_user and secret_sauce&#xD;
-&gt; done: LoginStepDefinitions.WhenIEnterValidUsernameAndPassword("problem_user", "secret_sauce") (0.1s)&#xD;
And I click the login button&#xD;
-&gt; done: LoginStepDefinitions.WhenIClickTheLoginButton() (0.1s)&#xD;
Then I should see the inventory page&#xD;
-&gt; done: LoginStepDefinitions.ThenIShouldSeeTheInventoryPage("inventory") (0.0s)&#xD;
</Text>
      </RunInfo>
      <RunInfo computerName="UK-LCL0MSL3" outcome="Warning" timestamp="2024-07-27T20:53:06.5149686+01:00">
        <Text>Given I am on the SauceDemo login page&#xD;
-&gt; done: LoginStepDefinitions.GivenIAmOnTheSauceDemoLoginPage() (0.8s)&#xD;
When I enter valid performance_glitch_user and secret_sauce&#xD;
-&gt; done: LoginStepDefinitions.WhenIEnterValidUsernameAndPassword("performance_glitc...", "secret_sauce") (0.2s)&#xD;
And I click the login button&#xD;
-&gt; done: LoginStepDefinitions.WhenIClickTheLoginButton() (5.1s)&#xD;
Then I should see the inventory page&#xD;
-&gt; done: LoginStepDefinitions.ThenIShouldSeeTheInventoryPage("inventory") (0.0s)&#xD;
</Text>
      </RunInfo>
      <RunInfo computerName="UK-LCL0MSL3" outcome="Warning" timestamp="2024-07-27T20:53:09.8586010+01:00">
        <Text>Given I am on the SauceDemo login page&#xD;
-&gt; done: LoginStepDefinitions.GivenIAmOnTheSauceDemoLoginPage() (0.9s)&#xD;
When I enter valid error_user and secret_sauce&#xD;
-&gt; done: LoginStepDefinitions.WhenIEnterValidUsernameAndPassword("error_user", "secret_sauce") (0.2s)&#xD;
And I click the login button&#xD;
-&gt; done: LoginStepDefinitions.WhenIClickTheLoginButton() (0.1s)&#xD;
Then I should see the inventory page&#xD;
-&gt; done: LoginStepDefinitions.ThenIShouldSeeTheInventoryPage("inventory") (0.0s)&#xD;
</Text>
      </RunInfo>
      <RunInfo computerName="UK-LCL0MSL3" outcome="Warning" timestamp="2024-07-27T20:53:13.2497380+01:00">
        <Text>Given I am on the SauceDemo login page&#xD;
-&gt; done: LoginStepDefinitions.GivenIAmOnTheSauceDemoLoginPage() (0.8s)&#xD;
When I enter valid visual_user and secret_sauce&#xD;
-&gt; done: LoginStepDefinitions.WhenIEnterValidUsernameAndPassword("visual_user", "secret_sauce") (0.2s)&#xD;
And I click the login button&#xD;
-&gt; done: LoginStepDefinitions.WhenIClickTheLoginButton() (0.1s)&#xD;
Then I should see the inventory page&#xD;
-&gt; done: LoginStepDefinitions.ThenIShouldSeeTheInventoryPage("inventory") (0.0s)&#xD;
</Text>
      </RunInfo>
      <RunInfo computerName="UK-LCL0MSL3" outcome="Warning" timestamp="2024-07-27T20:53:18.5327093+01:00">
        <Text>Given I am on the SauceDemo login page&#xD;
-&gt; done: LoginStepDefinitions.GivenIAmOnTheSauceDemoLoginPage() (0.8s)&#xD;
And I enter valid 'standard_user' and 'secret_sauce'&#xD;
-&gt; done: LoginStepDefinitions.WhenIEnterValidUsernameAndPassword("standard_user", "secret_sauce") (0.2s)&#xD;
And I click the login button&#xD;
-&gt; done: LoginStepDefinitions.WhenIClickTheLoginButton() (0.1s)&#xD;
And I land on Inventory Page&#xD;
-&gt; done: LoginStepDefinitions.ThenIShouldSeeTheInventoryPage("Inventory") (0.0s)&#xD;
And I add the following items to the shopping cart&#xD;
  --- table step argument ---&#xD;
  | itemName                |&#xD;
  | Sauce Labs Backpack     |&#xD;
  | Sauce Labs Bike Light   |&#xD;
  | Sauce Labs Bolt T-Shirt |&#xD;
  | Sauce Labs Onesie       |&#xD;
-&gt; done: InventoryStepDefinitions.WhenIAddTheFollowingItemsToTheShoppingCart(&lt;table&gt;) (0.2s)&#xD;
And I click on cart link&#xD;
-&gt; done: CartStepDefinitions.WhenIClickOnCartLink() (0.1s)&#xD;
And I land on cart Page&#xD;
-&gt; done: LoginStepDefinitions.ThenIShouldSeeTheInventoryPage("cart") (0.0s)&#xD;
And I procced to checkout&#xD;
-&gt; done: CartStepDefinitions.WhenIClickOnCheckoutButton() (0.1s)&#xD;
And I enter my information&#xD;
-&gt; done: CheckoutStepDefinition.WhenIEnterMyInformation() (0.2s)&#xD;
And I review my order&#xD;
  --- table step argument ---&#xD;
  | itemName                |&#xD;
  | Sauce Labs Backpack     |&#xD;
  | Sauce Labs Bike Light   |&#xD;
  | Sauce Labs Bolt T-Shirt |&#xD;
  | Sauce Labs Onesie       |&#xD;
-&gt; done: CheckoutStepDefinition.WhenIReviewMyOrder(&lt;table&gt;) (0.1s)&#xD;
And I verify price and shipping Information&#xD;
-&gt; done: CheckoutStepDefinition.GivenIVerifyPriceAndShippingInformation() (0.1s)&#xD;
When I finish the checkout&#xD;
-&gt; done: CheckoutStepDefinition.WhenIFinishTheCheckout() (0.0s)&#xD;
Then I should see the checkout-complete page&#xD;
-&gt; done: LoginStepDefinitions.ThenIShouldSeeTheInventoryPage("checkout-complete") (0.0s)&#xD;
And I verify order confimation message&#xD;
-&gt; done: CheckoutStepDefinition.ThenIVerifyOrderConfimationMessage() (0.1s)&#xD;
When I click on backhome button&#xD;
-&gt; done: CheckoutStepDefinition.WhenIClickOnBackhomeButton() (0.1s)&#xD;
Then I land on Inventory Page&#xD;
-&gt; done: LoginStepDefinitions.ThenIShouldSeeTheInventoryPage("Inventory") (0.0s)&#xD;
</Text>
      </RunInfo>
      <RunInfo computerName="UK-LCL0MSL3" outcome="Warning" timestamp="2024-07-27T20:53:23.0860369+01:00">
        <Text>Given I am on the SauceDemo login page&#xD;
-&gt; done: LoginStepDefinitions.GivenIAmOnTheSauceDemoLoginPage() (0.9s)&#xD;
And I enter valid 'standard_user' and 'secret_sauce'&#xD;
-&gt; done: LoginStepDefinitions.WhenIEnterValidUsernameAndPassword("standard_user", "secret_sauce") (0.2s)&#xD;
And I click the login button&#xD;
-&gt; done: LoginStepDefinitions.WhenIClickTheLoginButton() (0.1s)&#xD;
And I land on Inventory Page&#xD;
-&gt; done: LoginStepDefinitions.ThenIShouldSeeTheInventoryPage("Inventory") (0.0s)&#xD;
And I add the following items to the shopping cart&#xD;
  --- table step argument ---&#xD;
  | itemName              |&#xD;
  | Sauce Labs Backpack   |&#xD;
  | Sauce Labs Bike Light |&#xD;
-&gt; done: InventoryStepDefinitions.WhenIAddTheFollowingItemsToTheShoppingCart(&lt;table&gt;) (0.1s)&#xD;
And the shopping cart badge should show "2"&#xD;
-&gt; done: CartStepDefinitions.ThenTheShoppingCartBadgeShouldShow(2) (0.1s)&#xD;
When I click on cart link&#xD;
-&gt; done: CartStepDefinitions.WhenIClickOnCartLink() (0.1s)&#xD;
Then the following items should be in the cart&#xD;
  --- table step argument ---&#xD;
  | itemName              |&#xD;
  | Sauce Labs Backpack   |&#xD;
  | Sauce Labs Bike Light |&#xD;
-&gt; done: CartStepDefinitions.ThenTheFollowingItemShouldBeInTheCart(&lt;table&gt;) (0.1s)&#xD;
</Text>
      </RunInfo>
      <RunInfo computerName="UK-LCL0MSL3" outcome="Warning" timestamp="2024-07-27T20:53:27.5413819+01:00">
        <Text>Given I am on the SauceDemo login page&#xD;
-&gt; done: LoginStepDefinitions.GivenIAmOnTheSauceDemoLoginPage() (0.9s)&#xD;
And I enter valid 'standard_user' and 'secret_sauce'&#xD;
-&gt; done: LoginStepDefinitions.WhenIEnterValidUsernameAndPassword("standard_user", "secret_sauce") (0.2s)&#xD;
And I click the login button&#xD;
-&gt; done: LoginStepDefinitions.WhenIClickTheLoginButton() (0.1s)&#xD;
And I land on Inventory Page&#xD;
-&gt; done: LoginStepDefinitions.ThenIShouldSeeTheInventoryPage("Inventory") (0.0s)&#xD;
And I add the following items to the shopping cart&#xD;
  --- table step argument ---&#xD;
  | itemName              |&#xD;
  | Sauce Labs Backpack   |&#xD;
  | Sauce Labs Bike Light |&#xD;
-&gt; done: InventoryStepDefinitions.WhenIAddTheFollowingItemsToTheShoppingCart(&lt;table&gt;) (0.2s)&#xD;
And I click on cart link&#xD;
-&gt; done: CartStepDefinitions.WhenIClickOnCartLink() (0.1s)&#xD;
When I  remove Sauce Labs Backpack from the cart&#xD;
-&gt; done: CartStepDefinitions.WhenIRemoveStaSauceLabsBackpackFromTheCart("Sauce Labs Backpack ") (0.1s)&#xD;
Then cart is has "1"  item&#xD;
-&gt; done: CartStepDefinitions.ThenCartIsHasItem("1") (0.0s)&#xD;
</Text>
      </RunInfo>
      <RunInfo computerName="UK-LCL0MSL3" outcome="Warning" timestamp="2024-07-27T20:53:32.7544763+01:00">
        <Text>Given I am on the SauceDemo login page&#xD;
-&gt; done: LoginStepDefinitions.GivenIAmOnTheSauceDemoLoginPage() (0.8s)&#xD;
And I enter valid 'standard_user' and 'secret_sauce'&#xD;
-&gt; done: LoginStepDefinitions.WhenIEnterValidUsernameAndPassword("standard_user", "secret_sauce") (0.2s)&#xD;
And I click the login button&#xD;
-&gt; done: LoginStepDefinitions.WhenIClickTheLoginButton() (0.1s)&#xD;
And I land on Inventory Page&#xD;
-&gt; done: LoginStepDefinitions.ThenIShouldSeeTheInventoryPage("Inventory") (0.0s)&#xD;
And I add the following items to the shopping cart&#xD;
  --- table step argument ---&#xD;
  | itemName                |&#xD;
  | Sauce Labs Backpack     |&#xD;
  | Sauce Labs Bike Light   |&#xD;
  | Sauce Labs Bolt T-Shirt |&#xD;
  | Sauce Labs Onesie       |&#xD;
-&gt; done: InventoryStepDefinitions.WhenIAddTheFollowingItemsToTheShoppingCart(&lt;table&gt;) (0.2s)&#xD;
And I click on cart link&#xD;
-&gt; done: CartStepDefinitions.WhenIClickOnCartLink() (0.1s)&#xD;
When I click on Continue Shipping button&#xD;
-&gt; done: CartStepDefinitions.WhenIClickOnContinueShippingButton() (0.1s)&#xD;
Then I land on Inventory Page&#xD;
-&gt; done: LoginStepDefinitions.ThenIShouldSeeTheInventoryPage("Inventory") (0.0s)&#xD;
When I click on cart link&#xD;
-&gt; done: CartStepDefinitions.WhenIClickOnCartLink() (0.1s)&#xD;
Then I land on cart Page&#xD;
-&gt; done: LoginStepDefinitions.ThenIShouldSeeTheInventoryPage("cart") (0.0s)&#xD;
When I click on checkout button&#xD;
-&gt; done: CartStepDefinitions.WhenIClickOnCheckoutButton() (0.1s)&#xD;
Then I land on checkout-step-one Page&#xD;
-&gt; done: LoginStepDefinitions.ThenIShouldSeeTheInventoryPage("checkout-step-one") (0.0s)&#xD;
</Text>
      </RunInfo>
      <RunInfo computerName="UK-LCL0MSL3" outcome="Warning" timestamp="2024-07-27T20:53:36.9633834+01:00">
        <Text>Given I am on the SauceDemo login page&#xD;
-&gt; done: LoginStepDefinitions.GivenIAmOnTheSauceDemoLoginPage() (0.8s)&#xD;
And I enter valid 'standard_user' and 'secret_sauce'&#xD;
-&gt; done: LoginStepDefinitions.WhenIEnterValidUsernameAndPassword("standard_user", "secret_sauce") (0.2s)&#xD;
And I click the login button&#xD;
-&gt; done: LoginStepDefinitions.WhenIClickTheLoginButton() (0.1s)&#xD;
And I land on Inventory Page&#xD;
-&gt; done: LoginStepDefinitions.ThenIShouldSeeTheInventoryPage("Inventory") (0.0s)&#xD;
When I add the Sauce Labs Fleece Jacket to the basket&#xD;
-&gt; done: InventoryStepDefinitions.WhenIAddTheToTheBasket("Sauce Labs Fleece...") (0.1s)&#xD;
Then the item count should be increase in the basket&#xD;
-&gt; done: InventoryStepDefinitions.ThenTheShouldNotBeInTheBasket() (0.0s)&#xD;
When I remove the "Sauce Labs Fleece Jacket" from the tile&#xD;
-&gt; done: InventoryStepDefinitions.WhenIRemoveTheFromTheTile("Sauce Labs Fleece...") (0.1s)&#xD;
Then the cart should be empty&#xD;
-&gt; done: InventoryStepDefinitions.ThenTheCartShouldBeEmpty() (0.0s)&#xD;
</Text>
      </RunInfo>
      <RunInfo computerName="UK-LCL0MSL3" outcome="Warning" timestamp="2024-07-27T20:53:41.6467896+01:00">
        <Text>Given I am on the SauceDemo login page&#xD;
-&gt; done: LoginStepDefinitions.GivenIAmOnTheSauceDemoLoginPage() (0.9s)&#xD;
And I enter valid 'standard_user' and 'secret_sauce'&#xD;
-&gt; done: LoginStepDefinitions.WhenIEnterValidUsernameAndPassword("standard_user", "secret_sauce") (0.2s)&#xD;
And I click the login button&#xD;
-&gt; done: LoginStepDefinitions.WhenIClickTheLoginButton() (0.1s)&#xD;
And I land on Inventory Page&#xD;
-&gt; done: LoginStepDefinitions.ThenIShouldSeeTheInventoryPage("Inventory") (0.0s)&#xD;
When I add the following items to the shopping cart&#xD;
  --- table step argument ---&#xD;
  | itemName              |&#xD;
  | Sauce Labs Backpack   |&#xD;
  | Sauce Labs Bike Light |&#xD;
-&gt; done: InventoryStepDefinitions.WhenIAddTheFollowingItemsToTheShoppingCart(&lt;table&gt;) (0.1s)&#xD;
Then the shopping cart badge should show "2"&#xD;
-&gt; done: CartStepDefinitions.ThenTheShoppingCartBadgeShouldShow(2) (0.0s)&#xD;
When I remove the following items from the tile&#xD;
  --- table step argument ---&#xD;
  | itemName              |&#xD;
  | Sauce Labs Backpack   |&#xD;
  | Sauce Labs Bike Light |&#xD;
-&gt; done: InventoryStepDefinitions.WhenIRemoveTheFollowingItemsFromTheTile(&lt;table&gt;) (0.1s)&#xD;
Then the cart should be empty&#xD;
-&gt; done: InventoryStepDefinitions.ThenTheCartShouldBeEmpty() (0.0s)&#xD;
</Text>
      </RunInfo>
      <RunInfo computerName="UK-LCL0MSL3" outcome="Warning" timestamp="2024-07-27T20:53:45.8563862+01:00">
        <Text>Given I am on the SauceDemo login page&#xD;
-&gt; done: LoginStepDefinitions.GivenIAmOnTheSauceDemoLoginPage() (1.0s)&#xD;
And I enter valid 'standard_user' and 'secret_sauce'&#xD;
-&gt; done: LoginStepDefinitions.WhenIEnterValidUsernameAndPassword("standard_user", "secret_sauce") (0.2s)&#xD;
And I click the login button&#xD;
-&gt; done: LoginStepDefinitions.WhenIClickTheLoginButton() (0.1s)&#xD;
And I land on Inventory Page&#xD;
-&gt; done: LoginStepDefinitions.ThenIShouldSeeTheInventoryPage("Inventory") (0.0s)&#xD;
When I select Name (A to Z) from the filter dropdown&#xD;
-&gt; done: InventoryStepDefinitions.WhenISelectNameAToZFromTheFilterDropdown("Name (A to Z)") (0.1s)&#xD;
Then the items should be sorted by Name (A to Z) in ascending order&#xD;
-&gt; done: InventoryStepDefinitions.ThenTheItemsShouldBeSortedByNameInAscendingOrder("Name (A to Z)", "ascending") (0.1s)&#xD;
</Text>
      </RunInfo>
      <RunInfo computerName="UK-LCL0MSL3" outcome="Warning" timestamp="2024-07-27T20:53:49.8451481+01:00">
        <Text>Given I am on the SauceDemo login page&#xD;
-&gt; done: LoginStepDefinitions.GivenIAmOnTheSauceDemoLoginPage() (0.8s)&#xD;
And I enter valid 'standard_user' and 'secret_sauce'&#xD;
-&gt; done: LoginStepDefinitions.WhenIEnterValidUsernameAndPassword("standard_user", "secret_sauce") (0.2s)&#xD;
And I click the login button&#xD;
-&gt; done: LoginStepDefinitions.WhenIClickTheLoginButton() (0.1s)&#xD;
And I land on Inventory Page&#xD;
-&gt; done: LoginStepDefinitions.ThenIShouldSeeTheInventoryPage("Inventory") (0.0s)&#xD;
When I select Name (Z to A) from the filter dropdown&#xD;
-&gt; done: InventoryStepDefinitions.WhenISelectNameAToZFromTheFilterDropdown("Name (Z to A)") (0.1s)&#xD;
Then the items should be sorted by Name (Z to A) in decending order&#xD;
-&gt; done: InventoryStepDefinitions.ThenTheItemsShouldBeSortedByNameInAscendingOrder("Name (Z to A)", "decending") (0.1s)&#xD;
</Text>
      </RunInfo>
      <RunInfo computerName="UK-LCL0MSL3" outcome="Warning" timestamp="2024-07-27T20:53:53.8976258+01:00">
        <Text>Given I am on the SauceDemo login page&#xD;
-&gt; done: LoginStepDefinitions.GivenIAmOnTheSauceDemoLoginPage() (0.9s)&#xD;
And I enter valid 'standard_user' and 'secret_sauce'&#xD;
-&gt; done: LoginStepDefinitions.WhenIEnterValidUsernameAndPassword("standard_user", "secret_sauce") (0.2s)&#xD;
And I click the login button&#xD;
-&gt; done: LoginStepDefinitions.WhenIClickTheLoginButton() (0.1s)&#xD;
And I land on Inventory Page&#xD;
-&gt; done: LoginStepDefinitions.ThenIShouldSeeTheInventoryPage("Inventory") (0.0s)&#xD;
When I select Price (low to high) from the filter dropdown&#xD;
-&gt; done: InventoryStepDefinitions.WhenISelectNameAToZFromTheFilterDropdown("Price (low to high)") (0.1s)&#xD;
Then the items should be sorted by Price (low to high) in ascending order&#xD;
-&gt; done: InventoryStepDefinitions.ThenTheItemsShouldBeSortedByNameInAscendingOrder("Price (low to high)", "ascending") (0.1s)&#xD;
</Text>
      </RunInfo>
      <RunInfo computerName="UK-LCL0MSL3" outcome="Warning" timestamp="2024-07-27T20:53:58.1996503+01:00">
        <Text>Given I am on the SauceDemo login page&#xD;
-&gt; done: LoginStepDefinitions.GivenIAmOnTheSauceDemoLoginPage() (1.1s)&#xD;
And I enter valid 'standard_user' and 'secret_sauce'&#xD;
-&gt; done: LoginStepDefinitions.WhenIEnterValidUsernameAndPassword("standard_user", "secret_sauce") (0.2s)&#xD;
And I click the login button&#xD;
-&gt; done: LoginStepDefinitions.WhenIClickTheLoginButton() (0.1s)&#xD;
And I land on Inventory Page&#xD;
-&gt; done: LoginStepDefinitions.ThenIShouldSeeTheInventoryPage("Inventory") (0.0s)&#xD;
When I select Price (high to low) from the filter dropdown&#xD;
-&gt; done: InventoryStepDefinitions.WhenISelectNameAToZFromTheFilterDropdown("Price (high to low)") (0.1s)&#xD;
Then the items should be sorted by Price (high to low) in decending order&#xD;
-&gt; done: InventoryStepDefinitions.ThenTheItemsShouldBeSortedByNameInAscendingOrder("Price (high to low)", "decending") (0.1s)&#xD;
</Text>
      </RunInfo>
      <RunInfo computerName="UK-LCL0MSL3" outcome="Warning" timestamp="2024-07-27T20:54:06.5401423+01:00">
        <Text>Given I am on the SauceDemo login page&#xD;
-&gt; done: LoginStepDefinitions.GivenIAmOnTheSauceDemoLoginPage() (0.9s)&#xD;
And I enter valid 'standard_user' and 'secret_sauce'&#xD;
-&gt; done: LoginStepDefinitions.WhenIEnterValidUsernameAndPassword("standard_user", "secret_sauce") (0.2s)&#xD;
And I click the login button&#xD;
-&gt; done: LoginStepDefinitions.WhenIClickTheLoginButton() (0.1s)&#xD;
And I land on Inventory Page&#xD;
-&gt; done: LoginStepDefinitions.ThenIShouldSeeTheInventoryPage("Inventory") (0.0s)&#xD;
Then I click on the Twitter and navigate to the https://x.com/saucelabs&#xD;
-&gt; done: InventoryStepDefinitions.ThenIClickOnTheTwitterAndNavigateToTheHttpsX_ComSaucelabs("Twitter", "https://x.com/sau...") (4.2s)&#xD;
</Text>
      </RunInfo>
      <RunInfo computerName="UK-LCL0MSL3" outcome="Warning" timestamp="2024-07-27T20:54:14.0174304+01:00">
        <Text>Given I am on the SauceDemo login page&#xD;
-&gt; done: LoginStepDefinitions.GivenIAmOnTheSauceDemoLoginPage() (1.0s)&#xD;
And I enter valid 'standard_user' and 'secret_sauce'&#xD;
-&gt; done: LoginStepDefinitions.WhenIEnterValidUsernameAndPassword("standard_user", "secret_sauce") (0.2s)&#xD;
And I click the login button&#xD;
-&gt; done: LoginStepDefinitions.WhenIClickTheLoginButton() (0.1s)&#xD;
And I land on Inventory Page&#xD;
-&gt; done: LoginStepDefinitions.ThenIShouldSeeTheInventoryPage("Inventory") (0.0s)&#xD;
Then I click on the Facebook and navigate to the https://www.facebook.com/saucelabs&#xD;
-&gt; done: InventoryStepDefinitions.ThenIClickOnTheTwitterAndNavigateToTheHttpsX_ComSaucelabs("Facebook", "https://www.faceb...") (3.5s)&#xD;
</Text>
      </RunInfo>
      <RunInfo computerName="UK-LCL0MSL3" outcome="Warning" timestamp="2024-07-27T20:54:19.9774516+01:00">
        <Text>Given I am on the SauceDemo login page&#xD;
-&gt; done: LoginStepDefinitions.GivenIAmOnTheSauceDemoLoginPage() (0.8s)&#xD;
And I enter valid 'standard_user' and 'secret_sauce'&#xD;
-&gt; done: LoginStepDefinitions.WhenIEnterValidUsernameAndPassword("standard_user", "secret_sauce") (0.2s)&#xD;
And I click the login button&#xD;
-&gt; done: LoginStepDefinitions.WhenIClickTheLoginButton() (0.1s)&#xD;
And I land on Inventory Page&#xD;
-&gt; done: LoginStepDefinitions.ThenIShouldSeeTheInventoryPage("Inventory") (0.0s)&#xD;
Then I click on the LinkedIn and navigate to the https://www.linkedin.com/company/sauce-labs/&#xD;
-&gt; done: InventoryStepDefinitions.ThenIClickOnTheTwitterAndNavigateToTheHttpsX_ComSaucelabs("LinkedIn", "https://www.linke...") (1.9s)&#xD;
</Text>
      </RunInfo>
    </RunInfos>
  </ResultSummary>
</TestRun>